<?xml version="1.0" encoding="UTF-8"?>
<!-- Generated by org.testng.reporters.JUnitXMLReporter -->
<testsuite ignored="0" hostname="Johny-HP" failures="0" tests="1" name="ShoppingCart" time="0.15" errors="0" timestamp="2020-03-22T22:50:43 IST">
  <testcase classname="TestRunner.TestRun" name="@BeforeClass setUpClass" time="0.046">
    <failure type="java.lang.NoSuchMethodError" message="&amp;apos;java.lang.String[] cucumber.api.CucumberOptions.format()&amp;apos;">
      <![CDATA[java.lang.NoSuchMethodError: 'java.lang.String[] cucumber.api.CucumberOptions.format()'
at cucumber.runtime.RuntimeOptionsFactory.addPlugins(RuntimeOptionsFactory.java:86)
at cucumber.runtime.RuntimeOptionsFactory.buildArgsFromOptions(RuntimeOptionsFactory.java:37)
at cucumber.runtime.RuntimeOptionsFactory.create(RuntimeOptionsFactory.java:24)
at cucumber.api.testng.TestNGCucumberRunner.<init>(TestNGCucumberRunner.java:37)
at TestRunner.TestRun.setUpClass(TestRun.java:41)
at java.base/java.util.ArrayList.forEach(ArrayList.java:1507)
... Removed 25 stack frames]]>
    </failure>
  </testcase> <!-- @BeforeClass setUpClass -->
  <testcase classname="TestRunner.TestRun" name="@AfterClass tearDownClass" time="0.001">
    <failure type="java.lang.NullPointerException">
      <![CDATA[java.lang.NullPointerException
at TestRunner.TestRun.tearDownClass(TestRun.java:55)
at java.base/java.util.ArrayList.forEach(ArrayList.java:1507)
... Removed 25 stack frames]]>
    </failure>
  </testcase> <!-- @AfterClass tearDownClass -->
  <testcase classname="TestRunner.TestRun" name="feature" time="0.0">
    <skipped/>
  </testcase> <!-- feature -->
</testsuite> <!-- ShoppingCart -->
